17/04/2020 17:10:28,Skipped. File Unchanged
19/04/2020 06:35:26,https://media.suckhoedoisong.vn/Images/thuyngan/2020/04/19/VN.jpg
19/04/2020 06:36:48,Skipped. File Unchanged
19/04/2020 07:02:34,Skipped. File Unchanged
19/04/2020 07:32:11,Skipped. File Unchanged
19/04/2020 08:02:51,https://media.suckhoedoisong.vn/Images/nguyenhong/2020/04/19/94175002_1138363049843770_280787601554669568_n.jpg
19/04/2020 08:31:52,Skipped. File Unchanged
19/04/2020 09:02:30,Skipped. File Unchanged
19/04/2020 09:32:13,Skipped. File Unchanged
19/04/2020 10:02:24,Skipped. File Unchanged
19/04/2020 10:32:20,Skipped. File Unchanged
19/04/2020 11:02:33,Skipped. File Unchanged
19/04/2020 11:32:04,https://media.suckhoedoisong.vn/Images/thuyngan/2020/04/19/17h.jpg
19/04/2020 12:02:49,https://media.suckhoedoisong.vn/Images/thuyngan/2020/04/19/18.jpg
19/04/2020 12:32:17,https://media.suckhoedoisong.vn/Images/thuyngan/2020/04/19/19.jpg
19/04/2020 13:02:53,https://media.suckhoedoisong.vn/Images/thuyngan/2020/04/19/192.jpg
19/04/2020 13:32:03,Skipped. File Unchanged
19/04/2020 14:02:44,Skipped. File Unchanged
19/04/2020 14:32:15,Skipped. File Unchanged
19/04/2020 15:02:31,Skipped. File Unchanged
19/04/2020 15:32:03,Skipped. File Unchanged
